<?xml version="1.0" encoding="UTF-8"?>
<testsuite name="runners.CompraCursoWebRunner" tests="0" skipped="0" failures="0" errors="0" timestamp="1970-01-01T00:00:00" hostname="FM-51" time="0.0">
  <properties/>
  <system-out><![CDATA[
1 Scenarios (?[33m1 undefined?[0m)
3 Steps (?[33m3 undefined?[0m)
0m0,224s


You can implement missing steps with the snippets below:

@Given("^Dado que añadi al carrito de comprar los cursos Selenium Ruby y Mastering JavaScript$")
public void dadoQueAñadiAlCarritoDeComprarLosCursosSeleniumRubyYMasteringJavaScript() {
    // Write code here that turns the phrase above into concrete actions
    throw new PendingException();
}


@When("^Cuando elimine el curso Selenium Ruby del carrito de compras$")
public void cuandoElimineElCursoSeleniumRubyDelCarritoDeCompras() {
    // Write code here that turns the phrase above into concrete actions
    throw new PendingException();
}

@Then("^Entonces Verefico que el precio total en el carrito es menor a (\\d+)$")
public void entoncesVereficoQueElPrecioTotalEnElCarritoEsMenorA(int arg1) {
    // Write code here that turns the phrase above into concrete actions
    throw new PendingException();
}

]]></system-out>
  <system-err><![CDATA[SLF4J: Failed to load class "org.slf4j.impl.StaticLoggerBinder".
SLF4J: Defaulting to no-operation (NOP) logger implementation
SLF4J: See http://www.slf4j.org/codes.html#StaticLoggerBinder for further details.
]]></system-err>
</testsuite>
